[04:48:00] [ServerMain/WARN]: Failed to add PDH Counter: \Paging File(_Total)\% Usage, Error code: 0xC0000BB8
[04:48:00] [ServerMain/WARN]: Failed to add counter for PDH counter: \Paging File(_Total)\% Usage
[04:48:00] [ServerMain/WARN]: Disabling further attempts to query Paging File.
[04:48:01] [ServerMain/WARN]: COM exception: Invalid Query: SELECT PERCENTUSAGE FROM Win32_PerfRawData_PerfOS_PagingFile
[04:48:05] [ServerMain/INFO]: Environment: Environment[sessionHost=https://sessionserver.mojang.com, servicesHost=https://api.minecraftservices.com, name=PROD]
[04:48:06] [ServerMain/INFO]: No existing world data, creating new world
[04:48:07] [ServerMain/INFO]: Loaded 7 recipes
[04:48:07] [ServerMain/INFO]: Loaded 1271 advancements
[04:48:07] [Server thread/INFO]: Starting minecraft server version 1.20.4
[04:48:07] [Server thread/INFO]: Loading properties
[04:48:07] [Server thread/INFO]: Default game type: SURVIVAL
[04:48:07] [Server thread/INFO]: Generating keypair
[04:48:08] [Server thread/INFO]: Starting Minecraft server on *:25565
[04:48:08] [Server thread/INFO]: Using default channel type
[04:48:08] [Server thread/WARN]: **** SERVER IS RUNNING IN OFFLINE/INSECURE MODE!
[04:48:08] [Server thread/WARN]: The server will make no attempt to authenticate usernames. Beware.
[04:48:08] [Server thread/WARN]: While this makes the game possible to play without internet access, it also opens up the ability for hackers to connect with any username they choose.
[04:48:08] [Server thread/WARN]: To change this, set "online-mode" to "true" in the server.properties file.
[04:48:08] [Server thread/INFO]: Preparing level "world"
[04:48:13] [Server thread/INFO]: Preparing start region for dimension minecraft:overworld
[04:48:14] [Worker-Main-4/INFO]: Preparing spawn area: 0%
[04:48:14] [Worker-Main-6/INFO]: Preparing spawn area: 0%
[04:48:14] [Worker-Main-1/INFO]: Preparing spawn area: 0%
[04:48:15] [Worker-Main-6/INFO]: Preparing spawn area: 0%
[04:48:15] [Worker-Main-5/INFO]: Preparing spawn area: 0%
[04:48:16] [Worker-Main-4/INFO]: Preparing spawn area: 1%
[04:48:16] [Worker-Main-1/INFO]: Preparing spawn area: 1%
[04:48:17] [Worker-Main-6/INFO]: Preparing spawn area: 3%
[04:48:17] [Worker-Main-7/INFO]: Preparing spawn area: 3%
[04:48:18] [Worker-Main-1/INFO]: Preparing spawn area: 4%
[04:48:18] [Worker-Main-3/INFO]: Preparing spawn area: 6%
[04:48:19] [Worker-Main-1/INFO]: Preparing spawn area: 7%
[04:48:19] [Worker-Main-7/INFO]: Preparing spawn area: 9%
[04:48:20] [Worker-Main-3/INFO]: Preparing spawn area: 9%
[04:48:20] [Worker-Main-4/INFO]: Preparing spawn area: 11%
[04:48:21] [Worker-Main-6/INFO]: Preparing spawn area: 13%
[04:48:21] [Worker-Main-5/INFO]: Preparing spawn area: 15%
[04:48:22] [Worker-Main-1/INFO]: Preparing spawn area: 16%
[04:48:22] [Worker-Main-1/INFO]: Preparing spawn area: 19%
[04:48:23] [Worker-Main-2/INFO]: Preparing spawn area: 21%
[04:48:23] [Worker-Main-6/INFO]: Preparing spawn area: 23%
[04:48:24] [Worker-Main-1/INFO]: Preparing spawn area: 25%
[04:48:24] [Worker-Main-1/INFO]: Preparing spawn area: 27%
[04:48:25] [Worker-Main-2/INFO]: Preparing spawn area: 29%
[04:48:25] [Worker-Main-6/INFO]: Preparing spawn area: 31%
[04:48:26] [Worker-Main-5/INFO]: Preparing spawn area: 34%
[04:48:26] [Worker-Main-6/INFO]: Preparing spawn area: 36%
[04:48:27] [Worker-Main-3/INFO]: Preparing spawn area: 39%
[04:48:27] [Worker-Main-3/INFO]: Preparing spawn area: 42%
[04:48:28] [Worker-Main-3/INFO]: Preparing spawn area: 44%
[04:48:28] [Worker-Main-5/INFO]: Preparing spawn area: 47%
[04:48:29] [Worker-Main-1/INFO]: Preparing spawn area: 50%
[04:48:29] [Worker-Main-6/INFO]: Preparing spawn area: 51%
[04:48:30] [Worker-Main-7/INFO]: Preparing spawn area: 54%
[04:48:30] [Worker-Main-1/INFO]: Preparing spawn area: 55%
[04:48:31] [Worker-Main-2/INFO]: Preparing spawn area: 58%
[04:48:31] [Worker-Main-4/INFO]: Preparing spawn area: 60%
[04:48:32] [Worker-Main-7/INFO]: Preparing spawn area: 63%
[04:48:32] [Worker-Main-1/INFO]: Preparing spawn area: 65%
[04:48:33] [Worker-Main-7/INFO]: Preparing spawn area: 68%
[04:48:33] [Worker-Main-1/INFO]: Preparing spawn area: 69%
[04:48:34] [Worker-Main-2/INFO]: Preparing spawn area: 72%
[04:48:34] [Worker-Main-1/INFO]: Preparing spawn area: 75%
[04:48:35] [Worker-Main-2/INFO]: Preparing spawn area: 77%
[04:48:35] [Worker-Main-6/INFO]: Preparing spawn area: 79%
[04:48:36] [Worker-Main-1/INFO]: Preparing spawn area: 82%
[04:48:36] [Worker-Main-4/INFO]: Preparing spawn area: 84%
[04:48:37] [Worker-Main-6/INFO]: Preparing spawn area: 86%
[04:48:37] [Worker-Main-3/INFO]: Preparing spawn area: 89%
[04:48:38] [Worker-Main-1/INFO]: Preparing spawn area: 91%
[04:48:38] [Worker-Main-5/INFO]: Preparing spawn area: 93%
[04:48:39] [Worker-Main-4/INFO]: Preparing spawn area: 95%
[04:48:39] [Worker-Main-3/INFO]: Preparing spawn area: 96%
[04:48:40] [Worker-Main-4/INFO]: Preparing spawn area: 99%
[04:48:40] [Server thread/INFO]: Time elapsed: 26512 ms
[04:48:40] [Server thread/INFO]: Done (31.911s)! For help, type "help"
[04:49:36] [Server thread/INFO]: UltimateBot[/[0:0:0:0:0:0:0:1]:50250] logged in with entity id 194 at (-4.5, 108.0, 1.5)
[04:49:36] [Server thread/INFO]: UltimateBot joined the game
[04:50:03] [Server thread/INFO]: UltimateBot lost connection: Disconnected
[04:50:03] [Server thread/INFO]: UltimateBot left the game
[04:51:44] [Server thread/INFO]: UltimateBot[/[0:0:0:0:0:0:0:1]:50252] logged in with entity id 378 at (-4.5, 108.0, 1.5)
[04:51:44] [Server thread/INFO]: UltimateBot joined the game
[04:51:55] [Server thread/INFO]: UltimateBot lost connection: Disconnected
[04:51:55] [Server thread/INFO]: UltimateBot left the game
[04:52:48] [Server thread/INFO]: UltimateBot[/[0:0:0:0:0:0:0:1]:50278] logged in with entity id 425 at (-4.5, 108.0, 1.5)
[04:52:48] [Server thread/INFO]: UltimateBot joined the game
[04:53:00] [Server thread/INFO]: UltimateBot lost connection: Disconnected
[04:53:00] [Server thread/INFO]: UltimateBot left the game
[04:54:04] [Server thread/INFO]: UltimateBot[/[0:0:0:0:0:0:0:1]:50385] logged in with entity id 456 at (-4.5, 108.0, 1.5)
[04:54:04] [Server thread/INFO]: UltimateBot joined the game
[04:54:15] [Server thread/INFO]: UltimateBot lost connection: Disconnected
[04:54:15] [Server thread/INFO]: UltimateBot left the game
[04:55:57] [Server thread/INFO]: UltimateBot[/[0:0:0:0:0:0:0:1]:50545] logged in with entity id 491 at (-4.5, 108.0, 1.5)
[04:55:57] [Server thread/INFO]: UltimateBot joined the game
[04:56:08] [Server thread/INFO]: UltimateBot lost connection: Disconnected
[04:56:08] [Server thread/INFO]: UltimateBot left the game
[04:57:34] [Server thread/INFO]: UltimateBot[/[0:0:0:0:0:0:0:1]:50656] logged in with entity id 540 at (-4.5, 108.0, 1.5)
[04:57:34] [Server thread/INFO]: UltimateBot joined the game
[04:57:45] [Server thread/INFO]: UltimateBot lost connection: Disconnected
[04:57:45] [Server thread/INFO]: UltimateBot left the game
[04:58:56] [Server thread/INFO]: UltimateBot[/[0:0:0:0:0:0:0:1]:50730] logged in with entity id 580 at (-4.5, 108.0, 1.5)
[04:58:56] [Server thread/INFO]: UltimateBot joined the game
[04:59:07] [Server thread/INFO]: UltimateBot lost connection: Disconnected
[04:59:07] [Server thread/INFO]: UltimateBot left the game
[05:00:24] [Server thread/INFO]: UltimateBot[/[0:0:0:0:0:0:0:1]:50878] logged in with entity id 614 at (-4.5, 108.0, 1.5)
[05:00:24] [Server thread/INFO]: UltimateBot joined the game
[05:00:46] [Server thread/INFO]: UltimateBot lost connection: Disconnected
[05:00:46] [Server thread/INFO]: UltimateBot left the game
[05:02:54] [Server thread/INFO]: UltimateBot[/[0:0:0:0:0:0:0:1]:51065] logged in with entity id 685 at (-4.5, 108.0, 1.5)
[05:02:54] [Server thread/INFO]: UltimateBot joined the game
[05:03:32] [Server thread/INFO]: UltimateBot lost connection: Disconnected
[05:03:32] [Server thread/INFO]: UltimateBot left the game
[05:03:37] [Server thread/INFO]: UltimateBot[/[0:0:0:0:0:0:0:1]:51084] logged in with entity id 785 at (-4.5, 108.0, 1.5)
[05:03:37] [Server thread/INFO]: UltimateBot joined the game
[05:03:46] [Server thread/INFO]: UltimateBot lost connection: Disconnected
[05:03:46] [Server thread/INFO]: UltimateBot left the game
[05:04:32] [Server thread/INFO]: UltimateBot[/[0:0:0:0:0:0:0:1]:51146] logged in with entity id 814 at (-4.5, 108.0, 1.5)
[05:04:32] [Server thread/INFO]: UltimateBot joined the game
[05:04:50] [Server thread/INFO]: [Not Secure] <UltimateBot> Начинаю добычу
[05:04:51] [Server thread/INFO]: [Not Secure] <UltimateBot> В Нижнем мире
[05:04:55] [Server thread/INFO]: [Not Secure] <UltimateBot> Врагов нет
[05:04:57] [Server thread/INFO]: [Not Secure] <UltimateBot> Нет еды
[05:05:28] [Server thread/INFO]: UltimateBot lost connection: Disconnected
[05:05:28] [Server thread/INFO]: UltimateBot left the game
[05:09:44] [Server thread/INFO]: UltimateBot[/[0:0:0:0:0:0:0:1]:51541] logged in with entity id 952 at (-4.5, 108.0, 1.5)
[05:09:44] [Server thread/INFO]: UltimateBot joined the game
[05:09:58] [Server thread/INFO]: UltimateBot lost connection: Disconnected
[05:09:58] [Server thread/INFO]: UltimateBot left the game
[05:22:13] [Server thread/INFO]: UltimateBot[/[0:0:0:0:0:0:0:1]:52401] logged in with entity id 1018 at (-4.5, 108.0, 1.5)
[05:22:13] [Server thread/INFO]: UltimateBot joined the game
[05:22:19] [Server thread/INFO]: UltimateBot lost connection: Disconnected
[05:22:19] [Server thread/INFO]: UltimateBot left the game
[05:23:43] [Server thread/INFO]: UltimateBot[/[0:0:0:0:0:0:0:1]:52501] logged in with entity id 1050 at (-4.5, 108.0, 1.5)
[05:23:43] [Server thread/INFO]: UltimateBot joined the game
[05:24:04] [Server thread/INFO]: UltimateBot lost connection: Disconnected
[05:24:04] [Server thread/INFO]: UltimateBot left the game
[05:29:18] [Server thread/INFO]: UltimateBot[/[0:0:0:0:0:0:0:1]:52842] logged in with entity id 1116 at (-4.5, 108.0, 1.5)
[05:29:18] [Server thread/INFO]: UltimateBot joined the game
[05:29:21] [Server thread/INFO]: UltimateBot lost connection: Disconnected
[05:29:21] [Server thread/INFO]: UltimateBot left the game
[05:37:27] [Server thread/INFO]: UltimateBot[/[0:0:0:0:0:0:0:1]:52970] logged in with entity id 1133 at (-4.5, 108.0, 1.5)
[05:37:27] [Server thread/INFO]: UltimateBot joined the game
[05:37:36] [Server thread/INFO]: UltimateBot lost connection: Disconnected
[05:37:36] [Server thread/INFO]: UltimateBot left the game
